<?xml version="1.0" encoding="UTF-8"?>
<testng-results skipped="0" failed="0" ignored="0" total="1" passed="1">
  <reporter-output>
  </reporter-output>
  <suite name="Default suite" duration-ms="39761" started-at="2019-10-14T22:36:22Z" finished-at="2019-10-14T22:37:01Z">
    <groups>
    </groups>
    <test name="Default test" duration-ms="39761" started-at="2019-10-14T22:36:22Z" finished-at="2019-10-14T22:37:01Z">
      <class name="tests.SignInTest">
        <test-method status="PASS" signature="setup()[pri:0, instance:tests.SignInTest@204f30ec]" name="setup" is-config="true" duration-ms="13420" started-at="2019-10-14T22:36:22Z" finished-at="2019-10-14T22:36:35Z">
          <reporter-output>
          </reporter-output>
        </test-method> <!-- setup -->
        <test-method status="PASS" signature="testOne()[pri:0, instance:tests.SignInTest@204f30ec]" name="testOne" duration-ms="26322" started-at="2019-10-14T22:36:35Z" finished-at="2019-10-14T22:37:01Z">
          <reporter-output>
          </reporter-output>
        </test-method> <!-- testOne -->
        <test-method status="PASS" signature="tearDown()[pri:0, instance:tests.SignInTest@204f30ec]" name="tearDown" is-config="true" duration-ms="1" started-at="2019-10-14T22:37:01Z" finished-at="2019-10-14T22:37:01Z">
          <reporter-output>
          </reporter-output>
        </test-method> <!-- tearDown -->
      </class> <!-- tests.SignInTest -->
    </test> <!-- Default test -->
  </suite> <!-- Default suite -->
</testng-results>
